{
  "stats": {
    "suites": 1,
    "tests": 2,
    "passes": 2,
    "pending": 0,
    "failures": 0,
    "start": "2021-10-16T17:49:07.532Z",
    "end": "2021-10-16T17:49:12.220Z",
    "duration": 4688,
    "testsRegistered": 2,
    "passPercent": 100,
    "pendingPercent": 0,
    "other": 0,
    "hasOther": false,
    "skipped": 0,
    "hasSkipped": false
  },
  "results": [
    {
      "uuid": "aae7a71d-e706-4ba7-a83f-0064ec64d875",
      "title": "",
      "fullFile": "cypress/integration/listagem.spec.js",
      "file": "cypress/integration/listagem.spec.js",
      "beforeHooks": [],
      "afterHooks": [],
      "tests": [],
      "suites": [
        {
          "uuid": "c3fa32e4-cbbd-4f2a-809c-df1c0bad33c3",
          "title": "Listagem",
          "fullFile": "",
          "file": "",
          "beforeHooks": [],
          "afterHooks": [],
          "tests": [
            {
              "title": "Quando não houver cadastros, então a listagem deve estar vazia",
              "fullTitle": "Listagem Quando não houver cadastros, então a listagem deve estar vazia",
              "timedOut": null,
              "duration": 2162,
              "state": "passed",
              "speed": "slow",
              "pass": true,
              "fail": false,
              "pending": false,
              "context": null,
              "code": "cy.fixture('listagem-vazia').then(data => {\n  window.localStorage.setItem('data', JSON.stringify(data));\n});\ncy.visit(\"https://form-agilizei.netlify.app/listagem.html\"); //deve conter o tamanho\ncy.get('table tbody tr').should('have.length', 0);",
              "err": {},
              "uuid": "22dc8790-0bd6-4427-b434-71122a9b47a3",
              "parentUUID": "c3fa32e4-cbbd-4f2a-809c-df1c0bad33c3",
              "isHook": false,
              "skipped": false
            },
            {
              "title": "Quando houver um ou mais cadastros, então a listagem deve exibir cada registro",
              "fullTitle": "Listagem Quando houver um ou mais cadastros, então a listagem deve exibir cada registro",
              "timedOut": null,
              "duration": 441,
              "state": "passed",
              "speed": "slow",
              "pass": true,
              "fail": false,
              "pending": false,
              "context": null,
              "code": "//no windows location ensina como passar os dados manualmente\n//window.localStorage.setItem('data', JSON.stringify([{\"firstName\":\"Agilizei\",\"lastName\":\"Bootcamp\",\"adress\":\"Sem Endereço\",\"emailAdress\":\"test@mail.com\",\"radioGender\":\"n\",\"checks\":[\"Netflix\",\"Livros\"],\"selectCountries\":\"Hong Kong\",\"selectYears\":\"2018\",\"selectMonths\":\"Abril\",\"pwd\":\"Aluno@2021\"}]))\n//abaixo passar o comando atravé de uma lista\ncy.fixture('listagem-com-itens').then(data => {\n  window.localStorage.setItem('data', JSON.stringify(data));\n});\ncy.visit(\"https://form-agilizei.netlify.app/listagem.html\");\ncy.get('table tbody tr').should('have.length', 2);",
              "err": {},
              "uuid": "6e63bad9-75e6-41f2-b65d-57fc2b25c070",
              "parentUUID": "c3fa32e4-cbbd-4f2a-809c-df1c0bad33c3",
              "isHook": false,
              "skipped": false
            }
          ],
          "suites": [],
          "passes": [
            "22dc8790-0bd6-4427-b434-71122a9b47a3",
            "6e63bad9-75e6-41f2-b65d-57fc2b25c070"
          ],
          "failures": [],
          "pending": [],
          "skipped": [],
          "duration": 2603,
          "root": false,
          "rootEmpty": false,
          "_timeout": 2000
        }
      ],
      "passes": [],
      "failures": [],
      "pending": [],
      "skipped": [],
      "duration": 0,
      "root": true,
      "rootEmpty": true,
      "_timeout": 2000
    }
  ],
  "meta": {
    "mocha": {
      "version": "7.0.1"
    },
    "mochawesome": {
      "options": {
        "quiet": true,
        "reportFilename": "mochawesome",
        "saveHtml": false,
        "saveJson": true,
        "consoleReporter": "spec",
        "useInlineDiffs": false,
        "code": true
      },
      "version": "6.3.1"
    },
    "marge": {
      "options": {
        "id": "default",
        "reportDir": "mochawesome-report",
        "quiet": true,
        "overwrite": false,
        "html": false,
        "json": true
      },
      "version": "5.2.0"
    }
  }
}