{
  "stats": {
    "suites": 1,
    "tests": 2,
    "passes": 2,
    "pending": 0,
    "failures": 0,
    "start": "2021-10-17T14:21:47.889Z",
    "end": "2021-10-17T14:21:50.890Z",
    "duration": 3001,
    "testsRegistered": 2,
    "passPercent": 100,
    "pendingPercent": 0,
    "other": 0,
    "hasOther": false,
    "skipped": 0,
    "hasSkipped": false
  },
  "results": [
    {
      "uuid": "436582ea-5653-457c-9aa3-43940093db4c",
      "title": "",
      "fullFile": "cypress/integration/listagem.spec.js",
      "file": "cypress/integration/listagem.spec.js",
      "beforeHooks": [],
      "afterHooks": [],
      "tests": [],
      "suites": [
        {
          "uuid": "818ba0a2-8799-44b4-92af-19f7c878e99f",
          "title": "Listagem",
          "fullFile": "",
          "file": "",
          "beforeHooks": [],
          "afterHooks": [],
          "tests": [
            {
              "title": "Quando não houver cadastros, então a listagem deve estar vazia",
              "fullTitle": "Listagem Quando não houver cadastros, então a listagem deve estar vazia",
              "timedOut": null,
              "duration": 854,
              "state": "passed",
              "speed": "slow",
              "pass": true,
              "fail": false,
              "pending": false,
              "context": null,
              "code": "cy.fixture('listagem-vazia').then(data => {\n  window.localStorage.setItem('data', JSON.stringify(data));\n});\ncy.visit(\"https://form-agilizei.netlify.app/listagem.html\"); //deve conter o tamanho\ncy.get('table tbody tr').should('have.length', 0);",
              "err": {},
              "uuid": "03a41a57-27d8-4944-b330-37b7a06212b4",
              "parentUUID": "818ba0a2-8799-44b4-92af-19f7c878e99f",
              "isHook": false,
              "skipped": false
            },
            {
              "title": "Quando houver um ou mais cadastros, então a listagem deve exibir cada registro",
              "fullTitle": "Listagem Quando houver um ou mais cadastros, então a listagem deve exibir cada registro",
              "timedOut": null,
              "duration": 391,
              "state": "passed",
              "speed": "slow",
              "pass": true,
              "fail": false,
              "pending": false,
              "context": null,
              "code": "//no windows location ensina como passar os dados manualmente\n//window.localStorage.setItem('data', JSON.stringify([{\"firstName\":\"Agilizei\",\"lastName\":\"Bootcamp\",\"adress\":\"Sem Endereço\",\"emailAdress\":\"test@mail.com\",\"radioGender\":\"n\",\"checks\":[\"Netflix\",\"Livros\"],\"selectCountries\":\"Hong Kong\",\"selectYears\":\"2018\",\"selectMonths\":\"Abril\",\"pwd\":\"Aluno@2021\"}]))\n//abaixo passar o comando atravé de uma lista\ncy.fixture('listagem-com-itens').then(data => {\n  window.localStorage.setItem('data', JSON.stringify(data));\n});\ncy.visit(\"https://form-agilizei.netlify.app/listagem.html\");\ncy.get('table tbody tr').should('have.length', 2);",
              "err": {},
              "uuid": "1f53b323-b071-448e-a721-02b4ad303712",
              "parentUUID": "818ba0a2-8799-44b4-92af-19f7c878e99f",
              "isHook": false,
              "skipped": false
            }
          ],
          "suites": [],
          "passes": [
            "03a41a57-27d8-4944-b330-37b7a06212b4",
            "1f53b323-b071-448e-a721-02b4ad303712"
          ],
          "failures": [],
          "pending": [],
          "skipped": [],
          "duration": 1245,
          "root": false,
          "rootEmpty": false,
          "_timeout": 2000
        }
      ],
      "passes": [],
      "failures": [],
      "pending": [],
      "skipped": [],
      "duration": 0,
      "root": true,
      "rootEmpty": true,
      "_timeout": 2000
    }
  ],
  "meta": {
    "mocha": {
      "version": "7.0.1"
    },
    "mochawesome": {
      "options": {
        "quiet": true,
        "reportFilename": "mochawesome",
        "saveHtml": false,
        "saveJson": true,
        "consoleReporter": "spec",
        "useInlineDiffs": false,
        "code": true
      },
      "version": "6.3.1"
    },
    "marge": {
      "options": {
        "id": "default",
        "reportDir": "mochawesome-report",
        "quiet": true,
        "overwrite": false,
        "html": false,
        "json": true
      },
      "version": "5.2.0"
    }
  }
}