{
  "stats": {
    "suites": 1,
    "tests": 1,
    "passes": 0,
    "pending": 0,
    "failures": 1,
    "start": "2021-10-16T17:48:18.410Z",
    "end": "2021-10-16T17:48:51.693Z",
    "duration": 33283,
    "testsRegistered": 1,
    "passPercent": 0,
    "pendingPercent": 0,
    "other": 0,
    "hasOther": false,
    "skipped": 0,
    "hasSkipped": false
  },
  "results": [
    {
      "uuid": "0aca27b2-e098-42da-9621-795039ab4c16",
      "title": "",
      "fullFile": "cypress/integration/cadastro.spec.js",
      "file": "cypress/integration/cadastro.spec.js",
      "beforeHooks": [],
      "afterHooks": [],
      "tests": [],
      "suites": [
        {
          "uuid": "9c1240ba-f394-4413-8244-23c66e1fec6b",
          "title": "Cadastro",
          "fullFile": "",
          "file": "",
          "beforeHooks": [],
          "afterHooks": [],
          "tests": [
            {
              "title": "Quando eu informa os dados e finalizar, então o cadastro deve ser efetuado",
              "fullTitle": "Cadastro Quando eu informa os dados e finalizar, então o cadastro deve ser efetuado",
              "timedOut": null,
              "duration": 30599,
              "state": "failed",
              "speed": null,
              "pass": false,
              "fail": true,
              "pending": false,
              "context": null,
              "code": "cy.visit('https://form-agilizei.netlify.app/'); //visitar site\n//Inputs de texto / textarea / emal -> utilizar type\n//utilizando o chance para preencher com valor alaetório\ncy.get('input[name=firstName]').type(chance.first());\ncy.get('input[name=lastName]').type(chance.last());\ncy.get('textarea[name=adress]').type(chance.address());\ncy.get('input[name=emailAdress]').type(chance.email()); // passando um valor no parâmetro\n// cy.get('input[name=firstName]').type('Agilizei')\n// cy.get('input[name=lastName]').type('Bootcamp')\n// cy.get('textarea[name=adress]').type('Sem endereço')\n// cy.get('input[name=emailAdress]').type('test@mail.com')\n//Inputs radio / checkboxes -> utilizar check\ncy.get('input[value=n]').check();\ncy.get('input[type=checkbox]').check('Netflix');\ncy.get('input[type=checkbox]').check('Dormir'); //Inputs do tipo combobox / select -> select\ncy.get('select#countries').select('Dinamarca', {\n  force: true\n}); //force true utiliza para forçar a execução do texte mesmo se elemento estiver coberto\ncy.get('select#years').select('2006', {\n  force: true\n});\ncy.get('select#months').select('Janeiro', {\n  force: true\n});\ncy.get('select#days').select('8', {\n  force: true\n}); //Inputs de senha / select -> type\ncy.get('input#firstpassword').type('Alunos@2021');\ncy.get('input#secondpassword').type('Alunos@2021'); // Inputs do tipo button\ncy.contains('Finalizar cadastro').click(); //espero que a minha aplicação seja direcionada para a listagem\n//url\n//deve estar / conter listagem\n//should contain listagem\ncy.url().should('contain', 'listagem'); //obtem a url atual que está a página\n//input[name=firstName]\n//input[name=lastName]\n//textarea[name=adress]\n//input[name=emailAdress]\n//input[value=n]\n//input[type=checkbox]\n//select#countries\n//select#years\n//select#months\n//select#days\n//input#firstpassword\n//input#secondpassword\n//*[@class=\"item-card card-desktop card-with-rating lazy-price item-desktop--3\"]\n//button#buy-button-now",
              "err": {
                "message": "CypressError: `cy.visit()` failed trying to load:\n\nhttps://form-agilizei.netlify.app/\n\nWe attempted to make an http request to this URL but the request failed without a response.\n\nWe received this error at the network level:\n\n  > Error: ESOCKETTIMEDOUT\n\nCommon situations why this would fail:\n  - you don't have internet access\n  - you forgot to run / boot your web server\n  - your web server isn't accessible\n  - you have weird network configuration settings on your computer",
                "estack": "CypressError: `cy.visit()` failed trying to load:\n\nhttps://form-agilizei.netlify.app/\n\nWe attempted to make an http request to this URL but the request failed without a response.\n\nWe received this error at the network level:\n\n  > Error: ESOCKETTIMEDOUT\n\nCommon situations why this would fail:\n  - you don't have internet access\n  - you forgot to run / boot your web server\n  - your web server isn't accessible\n  - you have weird network configuration settings on your computer\n    at https://form-agilizei.netlify.app/__cypress/runner/cypress_runner.js:156055:82\n    at visitFailedByErr (https://form-agilizei.netlify.app/__cypress/runner/cypress_runner.js:155414:12)\n    at https://form-agilizei.netlify.app/__cypress/runner/cypress_runner.js:156054:11\n    at tryCatcher (https://form-agilizei.netlify.app/__cypress/runner/cypress_runner.js:13212:23)\n    at Promise._settlePromiseFromHandler (https://form-agilizei.netlify.app/__cypress/runner/cypress_runner.js:11147:31)\n    at Promise._settlePromise (https://form-agilizei.netlify.app/__cypress/runner/cypress_runner.js:11204:18)\n    at Promise._settlePromise0 (https://form-agilizei.netlify.app/__cypress/runner/cypress_runner.js:11249:10)\n    at Promise._settlePromises (https://form-agilizei.netlify.app/__cypress/runner/cypress_runner.js:11325:18)\n    at _drainQueueStep (https://form-agilizei.netlify.app/__cypress/runner/cypress_runner.js:7919:12)\n    at _drainQueue (https://form-agilizei.netlify.app/__cypress/runner/cypress_runner.js:7912:9)\n    at Async.../../node_modules/bluebird/js/release/async.js.Async._drainQueues (https://form-agilizei.netlify.app/__cypress/runner/cypress_runner.js:7928:5)\n    at Async.drainQueues (https://form-agilizei.netlify.app/__cypress/runner/cypress_runner.js:7798:14)\nFrom Your Spec Code:\n    at Context.eval (https://form-agilizei.netlify.app/__cypress/tests?p=cypress/integration/cadastro.spec.js:2215:8)\n\nFrom Node.js Internals:\n  Error: ESOCKETTIMEDOUT\n      at ClientRequest.<anonymous> (/home/runner/.cache/Cypress/8.6.0/Cypress/resources/app/packages/server/node_modules/@cypress/request/request.js:808:19)\n      at Object.onceWrapper (events.js:482:28)\n      at ClientRequest.emit (events.js:376:20)\n      at TLSSocket.emitRequestTimeout (_http_client.js:790:9)\n      at Object.onceWrapper (events.js:482:28)\n      at TLSSocket.emit (events.js:388:22)\n      at TLSSocket.Socket._onTimeout (net.js:483:8)\n      at listOnTimeout (internal/timers.js:555:17)\n      at processTimers (internal/timers.js:498:7)\n  ",
                "diff": null
              },
              "uuid": "8085340e-baa3-49d4-8c3d-0c40a78cd1c4",
              "parentUUID": "9c1240ba-f394-4413-8244-23c66e1fec6b",
              "isHook": false,
              "skipped": false
            }
          ],
          "suites": [],
          "passes": [],
          "failures": [
            "8085340e-baa3-49d4-8c3d-0c40a78cd1c4"
          ],
          "pending": [],
          "skipped": [],
          "duration": 30599,
          "root": false,
          "rootEmpty": false,
          "_timeout": 2000
        }
      ],
      "passes": [],
      "failures": [],
      "pending": [],
      "skipped": [],
      "duration": 0,
      "root": true,
      "rootEmpty": true,
      "_timeout": 2000
    }
  ],
  "meta": {
    "mocha": {
      "version": "7.0.1"
    },
    "mochawesome": {
      "options": {
        "quiet": true,
        "reportFilename": "mochawesome",
        "saveHtml": false,
        "saveJson": true,
        "consoleReporter": "spec",
        "useInlineDiffs": false,
        "code": true
      },
      "version": "6.3.1"
    },
    "marge": {
      "options": {
        "id": "default",
        "reportDir": "mochawesome-report",
        "quiet": true,
        "overwrite": false,
        "html": false,
        "json": true
      },
      "version": "5.2.0"
    }
  }
}